<?xml version="1.0" encoding="UTF-8"?>
<!-- Generated by org.testng.reporters.JUnitReportReporter -->
<testsuite hostname="DESKTOP-FPPI0PB" failures="0" tests="1" name="com.qa.codedog.testCases.TC01_Hacienda_ping" time="0.009" errors="0" timestamp="13 May 2021 17:21:19 GMT" skipped="0">
  <testcase classname="com.qa.codedog.testCases.TC01_Hacienda_ping" name="checkResponseTime" time="0.009"/>
</testsuite> <!-- com.qa.codedog.testCases.TC01_Hacienda_ping -->
