<?xml version="1.0" encoding="UTF-8"?>
<!-- Generated by org.testng.reporters.JUnitReportReporter -->
<testsuite hostname="DESKTOP-FPPI0PB" failures="0" tests="4" name="com.qa.codedog.testCases.TC02_Hacienda_compliance" time="0.021" errors="0" timestamp="13 May 2021 15:58:34 GMT" skipped="0">
  <testcase classname="com.qa.codedog.testCases.TC02_Hacienda_compliance" name="checkStatusCode" time="0.002"/>
  <testcase classname="com.qa.codedog.testCases.TC02_Hacienda_compliance" name="checkResponseTime" time="0.005"/>
  <testcase classname="com.qa.codedog.testCases.TC02_Hacienda_compliance" name="checkstatusLine" time="0.003"/>
  <testcase classname="com.qa.codedog.testCases.TC02_Hacienda_compliance" name="checkResposeBody" time="0.011"/>
</testsuite> <!-- com.qa.codedog.testCases.TC02_Hacienda_compliance -->
